Using pre-set license
Built from '2020.2/release' branch; Version is '2020.2.1f1 (270dd8c3da1c) revision 2559448'; Using compiler version '192528614'; Build Type 'Release'
OS: 'Windows 10  (10.0.0) 64bit' Language: 'ko' Physical Memory: 16322 MB
BatchMode: 1, IsHumanControllingUs: 0, StartBugReporterOnCrash: 0, Is64bit: 1, IsPro: 0

 COMMAND LINE ARGUMENTS:
D:\Unity\2020.2.1f1\Editor\Unity.exe
-adb2
-batchMode
-noUpm
-name
AssetImportWorker0
-projectPath
C:/Users/dkdle/Downloads/TNC0.5
-logFile
Logs/AssetImportWorker0.log
-srvPort
11597
Successfully changed project path to: C:/Users/dkdle/Downloads/TNC0.5
C:/Users/dkdle/Downloads/TNC0.5
Using Asset Import Pipeline V2.
Refreshing native plugins compatible for Editor in 42.06 ms, found 1 plugins.
Preloading 0 native plugins for Editor in 0.00 ms.
Initialize engine version: 2020.2.1f1 (270dd8c3da1c)
[Subsystems] Discovering subsystems at path D:/Unity/2020.2.1f1/Editor/Data/Resources/UnitySubsystems
[Subsystems] Discovering subsystems at path C:/Users/dkdle/Downloads/TNC0.5/Assets
GfxDevice: creating device client; threaded=0
Direct3D:
    Version:  Direct3D 11.0 [level 11.1]
    Renderer: NVIDIA GeForce RTX 2070 (ID=0x1f02)
    Vendor:   
    VRAM:     8031 MB
    Driver:   27.21.14.6089
Initialize mono
Mono path[0] = 'D:/Unity/2020.2.1f1/Editor/Data/Managed'
Mono path[1] = 'D:/Unity/2020.2.1f1/Editor/Data/MonoBleedingEdge/lib/mono/unityjit'
Mono config path = 'D:/Unity/2020.2.1f1/Editor/Data/MonoBleedingEdge/etc'
Using monoOptions --debugger-agent=transport=dt_socket,embedding=1,server=y,suspend=n,address=127.0.0.1:56200
Begin MonoManager ReloadAssembly
Registering precompiled unity dll's ...
Register platform support module: D:/Unity/2020.2.1f1/Editor/Data/PlaybackEngines/WindowsStandaloneSupport/UnityEditor.WindowsStandalone.Extensions.dll
Registered in 0.000730 seconds.
Native extension for WindowsStandalone target not found
Refreshing native plugins compatible for Editor in 40.04 ms, found 1 plugins.
Preloading 0 native plugins for Editor in 0.00 ms.
Invoked RoslynAnalysisRunner static constructor.
RoslynAnalysisRunner will not be running.
RoslynAnalysisRunner has terminated.
Mono: successfully reloaded assembly
- Completed reload, in  1.134 seconds
Platform modules already initialized, skipping
Registering precompiled user dll's ...
Registered in 0.000938 seconds.
Begin MonoManager ReloadAssembly
Native extension for WindowsStandalone target not found
Refreshing native plugins compatible for Editor in 42.32 ms, found 1 plugins.
Preloading 0 native plugins for Editor in 0.00 ms.
Invoked RoslynAnalysisRunner static constructor.
RoslynAnalysisRunner will not be running.
RoslynAnalysisRunner has terminated.
Mono: successfully reloaded assembly
- Completed reload, in  0.804 seconds
Platform modules already initialized, skipping
========================================================================
Worker process is ready to serve import requests
Launched and connected shader compiler UnityShaderCompiler.exe after 0.04 seconds
Refreshing native plugins compatible for Editor in 0.42 ms, found 1 plugins.
Preloading 0 native plugins for Editor in 0.00 ms.
Unloading 1924 Unused Serialized files (Serialized files now loaded: 0)
System memory in use before: 93.0 MB.
System memory in use after: 93.0 MB.

Unloading 23 unused Assets to reduce memory usage. Loaded Objects now: 2368.
Total: 1.687700 ms (FindLiveObjects: 0.184100 ms CreateObjectMapping: 0.071500 ms MarkObjects: 1.352200 ms  DeleteObjects: 0.079200 ms)

========================================================================
Received Import Request.
  path: Assets/Script/StageClear.cs
  artifactKey: Guid(3e9a4e5ef8e47254dbcbdc67588f2366) Importer(815301076,1909f56bfc062723c751e8b465ee728b)
Start importing Assets/Script/StageClear.cs using Guid(3e9a4e5ef8e47254dbcbdc67588f2366) Importer(815301076,1909f56bfc062723c751e8b465ee728b)  -> (artifact id: 'fd1269799c355144c8868ba449dd5f09') in 0.032655 seconds
  Import took 0.035576 seconds .

========================================================================
Received Import Request.
  Time since last request: 3.484638 seconds.
  path: Assets/Script/UI.cs
  artifactKey: Guid(07899ba2ded84694486d2beb0a29c755) Importer(815301076,1909f56bfc062723c751e8b465ee728b)
Start importing Assets/Script/UI.cs using Guid(07899ba2ded84694486d2beb0a29c755) Importer(815301076,1909f56bfc062723c751e8b465ee728b)  -> (artifact id: 'a24f59145e021c10888e4e4e617bc6de') in 0.005495 seconds
  Import took 0.009250 seconds .

========================================================================
Received Import Request.
  Time since last request: 279.505311 seconds.
  path: Assets/Script/EScene.cs
  artifactKey: Guid(0cf51202dac55284d907217605dac694) Importer(815301076,1909f56bfc062723c751e8b465ee728b)
Start importing Assets/Script/EScene.cs using Guid(0cf51202dac55284d907217605dac694) Importer(815301076,1909f56bfc062723c751e8b465ee728b)  -> (artifact id: 'de623e30f8b3c91dadad40e1f861ab44') in 0.007111 seconds
  Import took 0.010885 seconds .

========================================================================
Received Import Request.
  Time since last request: 0.001085 seconds.
  path: Assets/Script/EScene.cs
  artifactKey: Guid(0cf51202dac55284d907217605dac694) Importer(815301076,1909f56bfc062723c751e8b465ee728b)
Start importing Assets/Script/EScene.cs using Guid(0cf51202dac55284d907217605dac694) Importer(815301076,1909f56bfc062723c751e8b465ee728b)  -> (artifact id: 'de623e30f8b3c91dadad40e1f861ab44') in 0.002462 seconds
  Import took 0.005135 seconds .

========================================================================
Received Prepare
Registering precompiled user dll's ...
Registered in 0.001565 seconds.
Begin MonoManager ReloadAssembly
Native extension for WindowsStandalone target not found
Refreshing native plugins compatible for Editor in 0.47 ms, found 1 plugins.
Preloading 0 native plugins for Editor in 0.00 ms.
Invoked RoslynAnalysisRunner static constructor.
RoslynAnalysisRunner will not be running.
RoslynAnalysisRunner has terminated.
Mono: successfully reloaded assembly
- Completed reload, in  1.047 seconds
Platform modules already initialized, skipping
Refreshing native plugins compatible for Editor in 0.63 ms, found 1 plugins.
Preloading 0 native plugins for Editor in 0.00 ms.
Unloading 1890 Unused Serialized files (Serialized files now loaded: 0)
System memory in use before: 91.2 MB.
System memory in use after: 91.3 MB.

Unloading 11 unused Assets to reduce memory usage. Loaded Objects now: 2371.
Total: 1.805000 ms (FindLiveObjects: 0.213800 ms CreateObjectMapping: 0.079400 ms MarkObjects: 1.438900 ms  DeleteObjects: 0.070900 ms)

AssetImportWorkerClient::OnTransportError - code=2 error=End of file
